2016-04-14 10:12:25 [::1][4][nj4480b6et6hc55g793neq6in7][error][yii\base\InvalidParamException] exception 'yii\base\InvalidParamException' with message 'The view file does not exist: /Applications/XAMPP/xamppfiles/htdocs/sikata/backend/views/layouts/main.php' in /Applications/XAMPP/xamppfiles/htdocs/sikata/vendor/yiisoft/yii2/base/View.php:226
Stack trace:
#0 /Applications/XAMPP/xamppfiles/htdocs/sikata/vendor/yiisoft/yii2/base/Controller.php(392): yii\base\View->renderFile('/Applications/X...', Array, Object(backend\controllers\SiteController))
#1 /Applications/XAMPP/xamppfiles/htdocs/sikata/vendor/yiisoft/yii2/base/Controller.php(378): yii\base\Controller->renderContent('\r\n<div class="s...')
#2 /Applications/XAMPP/xamppfiles/htdocs/sikata/backend/controllers/SiteController.php(70): yii\base\Controller->render('index')
#3 [internal function]: backend\controllers\SiteController->actionIndex()
#4 /Applications/XAMPP/xamppfiles/htdocs/sikata/vendor/yiisoft/yii2/base/InlineAction.php(55): call_user_func_array(Array, Array)
#5 /Applications/XAMPP/xamppfiles/htdocs/sikata/vendor/yiisoft/yii2/base/Controller.php(154): yii\base\InlineAction->runWithParams(Array)
#6 /Applications/XAMPP/xamppfiles/htdocs/sikata/vendor/yiisoft/yii2/base/Module.php(454): yii\base\Controller->runAction('', Array)
#7 /Applications/XAMPP/xamppfiles/htdocs/sikata/vendor/yiisoft/yii2/web/Application.php(84): yii\base\Module->runAction('', Array)
#8 /Applications/XAMPP/xamppfiles/htdocs/sikata/vendor/yiisoft/yii2/base/Application.php(375): yii\web\Application->handleRequest(Object(yii\web\Request))
#9 /Applications/XAMPP/xamppfiles/htdocs/sikata/backend/web/index.php(18): yii\base\Application->run()
#10 {main}
2016-04-14 10:12:25 [::1][4][nj4480b6et6hc55g793neq6in7][info][application] $_COOKIE = [
    '_csrf' => '684cc56e3032261d822283a0c58595409cbe3aa44f1e455bafd8856cd51e6af3a:2:{i:0;s:5:\"_csrf\";i:1;s:32:\"VOsSlJaVvEi77PFD47oV4biBMf1DRAWR\";}'
    '_identity' => '502619197fc5b30171cfb3a9f26da050a4fb8e911ff032f04b7991f3e3caafcca:2:{i:0;s:9:\"_identity\";i:1;s:46:\"[4,\"g1QQAQwMcvKEzOojQ4y1YGZWf-Jmg8tB\",2592000]\";}'
    'PHPSESSID' => 'nj4480b6et6hc55g793neq6in7'
]

$_SESSION = [
    '__flash' => []
    '__id' => 4
]

$_SERVER = [
    'UNIQUE_ID' => 'Vw9Q6QoFWZ8AAANeS@UAAAAA'
    'HTTP_HOST' => 'localhost'
    'HTTP_ACCEPT' => 'text/html,application/xhtml+xml,application/xml;q=0.9,*/*;q=0.8'
    'HTTP_COOKIE' => '_csrf=684cc56e3032261d822283a0c58595409cbe3aa44f1e455bafd8856cd51e6af3a%3A2%3A%7Bi%3A0%3Bs%3A5%3A%22_csrf%22%3Bi%3A1%3Bs%3A32%3A%22VOsSlJaVvEi77PFD47oV4biBMf1DRAWR%22%3B%7D; _identity=502619197fc5b30171cfb3a9f26da050a4fb8e911ff032f04b7991f3e3caafcca%3A2%3A%7Bi%3A0%3Bs%3A9%3A%22_identity%22%3Bi%3A1%3Bs%3A46%3A%22%5B4%2C%22g1QQAQwMcvKEzOojQ4y1YGZWf-Jmg8tB%22%2C2592000%5D%22%3B%7D; PHPSESSID=nj4480b6et6hc55g793neq6in7'
    'HTTP_USER_AGENT' => 'Mozilla/5.0 (Macintosh; Intel Mac OS X 10_10_5) AppleWebKit/601.5.17 (KHTML, like Gecko) Version/9.1 Safari/601.5.17'
    'HTTP_ACCEPT_LANGUAGE' => 'en-us'
    'HTTP_ACCEPT_ENCODING' => 'gzip, deflate'
    'HTTP_CONNECTION' => 'keep-alive'
    'PATH' => '/usr/bin:/bin:/usr/sbin:/sbin'
    'DYLD_LIBRARY_PATH' => '/Applications/XAMPP/xamppfiles/lib:/Applications/XAMPP/xamppfiles/lib'
    'SERVER_SIGNATURE' => ''
    'SERVER_SOFTWARE' => 'Apache/2.4.17 (Unix) OpenSSL/1.0.1q PHP/5.6.15 mod_perl/2.0.8-dev Perl/v5.16.3'
    'SERVER_NAME' => 'localhost'
    'SERVER_ADDR' => '::1'
    'SERVER_PORT' => '80'
    'REMOTE_ADDR' => '::1'
    'DOCUMENT_ROOT' => '/Applications/XAMPP/xamppfiles/htdocs'
    'REQUEST_SCHEME' => 'http'
    'CONTEXT_PREFIX' => ''
    'CONTEXT_DOCUMENT_ROOT' => '/Applications/XAMPP/xamppfiles/htdocs'
    'SERVER_ADMIN' => 'you@example.com'
    'SCRIPT_FILENAME' => '/Applications/XAMPP/xamppfiles/htdocs/sikata/backend/web/index.php'
    'REMOTE_PORT' => '49522'
    'GATEWAY_INTERFACE' => 'CGI/1.1'
    'SERVER_PROTOCOL' => 'HTTP/1.1'
    'REQUEST_METHOD' => 'GET'
    'QUERY_STRING' => ''
    'REQUEST_URI' => '/sikata/backend/web/index.php'
    'SCRIPT_NAME' => '/sikata/backend/web/index.php'
    'PHP_SELF' => '/sikata/backend/web/index.php'
    'REQUEST_TIME_FLOAT' => 1460621545.901
    'REQUEST_TIME' => 1460621545
]
2016-04-14 10:12:28 [::1][4][nj4480b6et6hc55g793neq6in7][error][yii\base\InvalidParamException] exception 'yii\base\InvalidParamException' with message 'The view file does not exist: /Applications/XAMPP/xamppfiles/htdocs/sikata/backend/views/layouts/main.php' in /Applications/XAMPP/xamppfiles/htdocs/sikata/vendor/yiisoft/yii2/base/View.php:226
Stack trace:
#0 /Applications/XAMPP/xamppfiles/htdocs/sikata/vendor/yiisoft/yii2/base/Controller.php(392): yii\base\View->renderFile('/Applications/X...', Array, Object(backend\controllers\SiteController))
#1 /Applications/XAMPP/xamppfiles/htdocs/sikata/vendor/yiisoft/yii2/base/Controller.php(378): yii\base\Controller->renderContent('\r\n<div class="s...')
#2 /Applications/XAMPP/xamppfiles/htdocs/sikata/backend/controllers/SiteController.php(70): yii\base\Controller->render('index')
#3 [internal function]: backend\controllers\SiteController->actionIndex()
#4 /Applications/XAMPP/xamppfiles/htdocs/sikata/vendor/yiisoft/yii2/base/InlineAction.php(55): call_user_func_array(Array, Array)
#5 /Applications/XAMPP/xamppfiles/htdocs/sikata/vendor/yiisoft/yii2/base/Controller.php(154): yii\base\InlineAction->runWithParams(Array)
#6 /Applications/XAMPP/xamppfiles/htdocs/sikata/vendor/yiisoft/yii2/base/Module.php(454): yii\base\Controller->runAction('', Array)
#7 /Applications/XAMPP/xamppfiles/htdocs/sikata/vendor/yiisoft/yii2/web/Application.php(84): yii\base\Module->runAction('', Array)
#8 /Applications/XAMPP/xamppfiles/htdocs/sikata/vendor/yiisoft/yii2/base/Application.php(375): yii\web\Application->handleRequest(Object(yii\web\Request))
#9 /Applications/XAMPP/xamppfiles/htdocs/sikata/backend/web/index.php(18): yii\base\Application->run()
#10 {main}
2016-04-14 10:12:28 [::1][4][nj4480b6et6hc55g793neq6in7][info][application] $_COOKIE = [
    '_csrf' => '684cc56e3032261d822283a0c58595409cbe3aa44f1e455bafd8856cd51e6af3a:2:{i:0;s:5:\"_csrf\";i:1;s:32:\"VOsSlJaVvEi77PFD47oV4biBMf1DRAWR\";}'
    '_identity' => '502619197fc5b30171cfb3a9f26da050a4fb8e911ff032f04b7991f3e3caafcca:2:{i:0;s:9:\"_identity\";i:1;s:46:\"[4,\"g1QQAQwMcvKEzOojQ4y1YGZWf-Jmg8tB\",2592000]\";}'
    'PHPSESSID' => 'nj4480b6et6hc55g793neq6in7'
]

$_SESSION = [
    '__flash' => []
    '__id' => 4
]

$_SERVER = [
    'UNIQUE_ID' => 'Vw9Q7AoFWZ8AAAPNsQUAAAAK'
    'HTTP_HOST' => 'localhost'
    'HTTP_ACCEPT' => 'text/html,application/xhtml+xml,application/xml;q=0.9,*/*;q=0.8'
    'HTTP_COOKIE' => '_csrf=684cc56e3032261d822283a0c58595409cbe3aa44f1e455bafd8856cd51e6af3a%3A2%3A%7Bi%3A0%3Bs%3A5%3A%22_csrf%22%3Bi%3A1%3Bs%3A32%3A%22VOsSlJaVvEi77PFD47oV4biBMf1DRAWR%22%3B%7D; _identity=502619197fc5b30171cfb3a9f26da050a4fb8e911ff032f04b7991f3e3caafcca%3A2%3A%7Bi%3A0%3Bs%3A9%3A%22_identity%22%3Bi%3A1%3Bs%3A46%3A%22%5B4%2C%22g1QQAQwMcvKEzOojQ4y1YGZWf-Jmg8tB%22%2C2592000%5D%22%3B%7D; PHPSESSID=nj4480b6et6hc55g793neq6in7'
    'HTTP_USER_AGENT' => 'Mozilla/5.0 (Macintosh; Intel Mac OS X 10_10_5) AppleWebKit/601.5.17 (KHTML, like Gecko) Version/9.1 Safari/601.5.17'
    'HTTP_ACCEPT_LANGUAGE' => 'en-us'
    'HTTP_ACCEPT_ENCODING' => 'gzip, deflate'
    'HTTP_CONNECTION' => 'keep-alive'
    'PATH' => '/usr/bin:/bin:/usr/sbin:/sbin'
    'DYLD_LIBRARY_PATH' => '/Applications/XAMPP/xamppfiles/lib:/Applications/XAMPP/xamppfiles/lib'
    'SERVER_SIGNATURE' => ''
    'SERVER_SOFTWARE' => 'Apache/2.4.17 (Unix) OpenSSL/1.0.1q PHP/5.6.15 mod_perl/2.0.8-dev Perl/v5.16.3'
    'SERVER_NAME' => 'localhost'
    'SERVER_ADDR' => '::1'
    'SERVER_PORT' => '80'
    'REMOTE_ADDR' => '::1'
    'DOCUMENT_ROOT' => '/Applications/XAMPP/xamppfiles/htdocs'
    'REQUEST_SCHEME' => 'http'
    'CONTEXT_PREFIX' => ''
    'CONTEXT_DOCUMENT_ROOT' => '/Applications/XAMPP/xamppfiles/htdocs'
    'SERVER_ADMIN' => 'you@example.com'
    'SCRIPT_FILENAME' => '/Applications/XAMPP/xamppfiles/htdocs/sikata/backend/web/index.php'
    'REMOTE_PORT' => '49523'
    'GATEWAY_INTERFACE' => 'CGI/1.1'
    'SERVER_PROTOCOL' => 'HTTP/1.1'
    'REQUEST_METHOD' => 'GET'
    'QUERY_STRING' => ''
    'REQUEST_URI' => '/sikata/backend/web/index.php'
    'SCRIPT_NAME' => '/sikata/backend/web/index.php'
    'PHP_SELF' => '/sikata/backend/web/index.php'
    'REQUEST_TIME_FLOAT' => 1460621548.404
    'REQUEST_TIME' => 1460621548
]
2016-04-14 10:12:29 [::1][4][nj4480b6et6hc55g793neq6in7][error][yii\base\InvalidParamException] exception 'yii\base\InvalidParamException' with message 'The view file does not exist: /Applications/XAMPP/xamppfiles/htdocs/sikata/backend/views/layouts/main.php' in /Applications/XAMPP/xamppfiles/htdocs/sikata/vendor/yiisoft/yii2/base/View.php:226
Stack trace:
#0 /Applications/XAMPP/xamppfiles/htdocs/sikata/vendor/yiisoft/yii2/base/Controller.php(392): yii\base\View->renderFile('/Applications/X...', Array, Object(backend\controllers\SiteController))
#1 /Applications/XAMPP/xamppfiles/htdocs/sikata/vendor/yiisoft/yii2/base/Controller.php(378): yii\base\Controller->renderContent('\r\n<div class="s...')
#2 /Applications/XAMPP/xamppfiles/htdocs/sikata/backend/controllers/SiteController.php(70): yii\base\Controller->render('index')
#3 [internal function]: backend\controllers\SiteController->actionIndex()
#4 /Applications/XAMPP/xamppfiles/htdocs/sikata/vendor/yiisoft/yii2/base/InlineAction.php(55): call_user_func_array(Array, Array)
#5 /Applications/XAMPP/xamppfiles/htdocs/sikata/vendor/yiisoft/yii2/base/Controller.php(154): yii\base\InlineAction->runWithParams(Array)
#6 /Applications/XAMPP/xamppfiles/htdocs/sikata/vendor/yiisoft/yii2/base/Module.php(454): yii\base\Controller->runAction('', Array)
#7 /Applications/XAMPP/xamppfiles/htdocs/sikata/vendor/yiisoft/yii2/web/Application.php(84): yii\base\Module->runAction('', Array)
#8 /Applications/XAMPP/xamppfiles/htdocs/sikata/vendor/yiisoft/yii2/base/Application.php(375): yii\web\Application->handleRequest(Object(yii\web\Request))
#9 /Applications/XAMPP/xamppfiles/htdocs/sikata/backend/web/index.php(18): yii\base\Application->run()
#10 {main}
2016-04-14 10:12:29 [::1][4][nj4480b6et6hc55g793neq6in7][info][application] $_COOKIE = [
    '_csrf' => '684cc56e3032261d822283a0c58595409cbe3aa44f1e455bafd8856cd51e6af3a:2:{i:0;s:5:\"_csrf\";i:1;s:32:\"VOsSlJaVvEi77PFD47oV4biBMf1DRAWR\";}'
    '_identity' => '502619197fc5b30171cfb3a9f26da050a4fb8e911ff032f04b7991f3e3caafcca:2:{i:0;s:9:\"_identity\";i:1;s:46:\"[4,\"g1QQAQwMcvKEzOojQ4y1YGZWf-Jmg8tB\",2592000]\";}'
    'PHPSESSID' => 'nj4480b6et6hc55g793neq6in7'
]

$_SESSION = [
    '__flash' => []
    '__id' => 4
]

$_SERVER = [
    'UNIQUE_ID' => 'Vw9Q7QoFWZ8AAAPMQSYAAAAJ'
    'HTTP_HOST' => 'localhost'
    'HTTP_ACCEPT' => 'text/html,application/xhtml+xml,application/xml;q=0.9,*/*;q=0.8'
    'HTTP_COOKIE' => '_csrf=684cc56e3032261d822283a0c58595409cbe3aa44f1e455bafd8856cd51e6af3a%3A2%3A%7Bi%3A0%3Bs%3A5%3A%22_csrf%22%3Bi%3A1%3Bs%3A32%3A%22VOsSlJaVvEi77PFD47oV4biBMf1DRAWR%22%3B%7D; _identity=502619197fc5b30171cfb3a9f26da050a4fb8e911ff032f04b7991f3e3caafcca%3A2%3A%7Bi%3A0%3Bs%3A9%3A%22_identity%22%3Bi%3A1%3Bs%3A46%3A%22%5B4%2C%22g1QQAQwMcvKEzOojQ4y1YGZWf-Jmg8tB%22%2C2592000%5D%22%3B%7D; PHPSESSID=nj4480b6et6hc55g793neq6in7'
    'HTTP_USER_AGENT' => 'Mozilla/5.0 (Macintosh; Intel Mac OS X 10_10_5) AppleWebKit/601.5.17 (KHTML, like Gecko) Version/9.1 Safari/601.5.17'
    'HTTP_ACCEPT_LANGUAGE' => 'en-us'
    'HTTP_ACCEPT_ENCODING' => 'gzip, deflate'
    'HTTP_CONNECTION' => 'keep-alive'
    'PATH' => '/usr/bin:/bin:/usr/sbin:/sbin'
    'DYLD_LIBRARY_PATH' => '/Applications/XAMPP/xamppfiles/lib:/Applications/XAMPP/xamppfiles/lib'
    'SERVER_SIGNATURE' => ''
    'SERVER_SOFTWARE' => 'Apache/2.4.17 (Unix) OpenSSL/1.0.1q PHP/5.6.15 mod_perl/2.0.8-dev Perl/v5.16.3'
    'SERVER_NAME' => 'localhost'
    'SERVER_ADDR' => '::1'
    'SERVER_PORT' => '80'
    'REMOTE_ADDR' => '::1'
    'DOCUMENT_ROOT' => '/Applications/XAMPP/xamppfiles/htdocs'
    'REQUEST_SCHEME' => 'http'
    'CONTEXT_PREFIX' => ''
    'CONTEXT_DOCUMENT_ROOT' => '/Applications/XAMPP/xamppfiles/htdocs'
    'SERVER_ADMIN' => 'you@example.com'
    'SCRIPT_FILENAME' => '/Applications/XAMPP/xamppfiles/htdocs/sikata/backend/web/index.php'
    'REMOTE_PORT' => '49525'
    'GATEWAY_INTERFACE' => 'CGI/1.1'
    'SERVER_PROTOCOL' => 'HTTP/1.1'
    'REQUEST_METHOD' => 'GET'
    'QUERY_STRING' => ''
    'REQUEST_URI' => '/sikata/backend/web/index.php'
    'SCRIPT_NAME' => '/sikata/backend/web/index.php'
    'PHP_SELF' => '/sikata/backend/web/index.php'
    'REQUEST_TIME_FLOAT' => 1460621549.034
    'REQUEST_TIME' => 1460621549
]
2016-04-14 10:12:30 [::1][4][nj4480b6et6hc55g793neq6in7][error][yii\base\InvalidParamException] exception 'yii\base\InvalidParamException' with message 'The view file does not exist: /Applications/XAMPP/xamppfiles/htdocs/sikata/backend/views/layouts/main.php' in /Applications/XAMPP/xamppfiles/htdocs/sikata/vendor/yiisoft/yii2/base/View.php:226
Stack trace:
#0 /Applications/XAMPP/xamppfiles/htdocs/sikata/vendor/yiisoft/yii2/base/Controller.php(392): yii\base\View->renderFile('/Applications/X...', Array, Object(backend\controllers\SiteController))
#1 /Applications/XAMPP/xamppfiles/htdocs/sikata/vendor/yiisoft/yii2/base/Controller.php(378): yii\base\Controller->renderContent('\r\n<div class="s...')
#2 /Applications/XAMPP/xamppfiles/htdocs/sikata/backend/controllers/SiteController.php(70): yii\base\Controller->render('index')
#3 [internal function]: backend\controllers\SiteController->actionIndex()
#4 /Applications/XAMPP/xamppfiles/htdocs/sikata/vendor/yiisoft/yii2/base/InlineAction.php(55): call_user_func_array(Array, Array)
#5 /Applications/XAMPP/xamppfiles/htdocs/sikata/vendor/yiisoft/yii2/base/Controller.php(154): yii\base\InlineAction->runWithParams(Array)
#6 /Applications/XAMPP/xamppfiles/htdocs/sikata/vendor/yiisoft/yii2/base/Module.php(454): yii\base\Controller->runAction('', Array)
#7 /Applications/XAMPP/xamppfiles/htdocs/sikata/vendor/yiisoft/yii2/web/Application.php(84): yii\base\Module->runAction('', Array)
#8 /Applications/XAMPP/xamppfiles/htdocs/sikata/vendor/yiisoft/yii2/base/Application.php(375): yii\web\Application->handleRequest(Object(yii\web\Request))
#9 /Applications/XAMPP/xamppfiles/htdocs/sikata/backend/web/index.php(18): yii\base\Application->run()
#10 {main}
2016-04-14 10:12:30 [::1][4][nj4480b6et6hc55g793neq6in7][info][application] $_COOKIE = [
    '_csrf' => '684cc56e3032261d822283a0c58595409cbe3aa44f1e455bafd8856cd51e6af3a:2:{i:0;s:5:\"_csrf\";i:1;s:32:\"VOsSlJaVvEi77PFD47oV4biBMf1DRAWR\";}'
    '_identity' => '502619197fc5b30171cfb3a9f26da050a4fb8e911ff032f04b7991f3e3caafcca:2:{i:0;s:9:\"_identity\";i:1;s:46:\"[4,\"g1QQAQwMcvKEzOojQ4y1YGZWf-Jmg8tB\",2592000]\";}'
    'PHPSESSID' => 'nj4480b6et6hc55g793neq6in7'
]

$_SESSION = [
    '__flash' => []
    '__id' => 4
]

$_SERVER = [
    'UNIQUE_ID' => 'Vw9Q7goFWZ8AAAO@DEwAAAAF'
    'HTTP_HOST' => 'localhost'
    'HTTP_ACCEPT' => 'text/html,application/xhtml+xml,application/xml;q=0.9,*/*;q=0.8'
    'HTTP_COOKIE' => '_csrf=684cc56e3032261d822283a0c58595409cbe3aa44f1e455bafd8856cd51e6af3a%3A2%3A%7Bi%3A0%3Bs%3A5%3A%22_csrf%22%3Bi%3A1%3Bs%3A32%3A%22VOsSlJaVvEi77PFD47oV4biBMf1DRAWR%22%3B%7D; _identity=502619197fc5b30171cfb3a9f26da050a4fb8e911ff032f04b7991f3e3caafcca%3A2%3A%7Bi%3A0%3Bs%3A9%3A%22_identity%22%3Bi%3A1%3Bs%3A46%3A%22%5B4%2C%22g1QQAQwMcvKEzOojQ4y1YGZWf-Jmg8tB%22%2C2592000%5D%22%3B%7D; PHPSESSID=nj4480b6et6hc55g793neq6in7'
    'HTTP_USER_AGENT' => 'Mozilla/5.0 (Macintosh; Intel Mac OS X 10_10_5) AppleWebKit/601.5.17 (KHTML, like Gecko) Version/9.1 Safari/601.5.17'
    'HTTP_ACCEPT_LANGUAGE' => 'en-us'
    'HTTP_ACCEPT_ENCODING' => 'gzip, deflate'
    'HTTP_CONNECTION' => 'keep-alive'
    'PATH' => '/usr/bin:/bin:/usr/sbin:/sbin'
    'DYLD_LIBRARY_PATH' => '/Applications/XAMPP/xamppfiles/lib:/Applications/XAMPP/xamppfiles/lib'
    'SERVER_SIGNATURE' => ''
    'SERVER_SOFTWARE' => 'Apache/2.4.17 (Unix) OpenSSL/1.0.1q PHP/5.6.15 mod_perl/2.0.8-dev Perl/v5.16.3'
    'SERVER_NAME' => 'localhost'
    'SERVER_ADDR' => '::1'
    'SERVER_PORT' => '80'
    'REMOTE_ADDR' => '::1'
    'DOCUMENT_ROOT' => '/Applications/XAMPP/xamppfiles/htdocs'
    'REQUEST_SCHEME' => 'http'
    'CONTEXT_PREFIX' => ''
    'CONTEXT_DOCUMENT_ROOT' => '/Applications/XAMPP/xamppfiles/htdocs'
    'SERVER_ADMIN' => 'you@example.com'
    'SCRIPT_FILENAME' => '/Applications/XAMPP/xamppfiles/htdocs/sikata/backend/web/index.php'
    'REMOTE_PORT' => '49526'
    'GATEWAY_INTERFACE' => 'CGI/1.1'
    'SERVER_PROTOCOL' => 'HTTP/1.1'
    'REQUEST_METHOD' => 'GET'
    'QUERY_STRING' => ''
    'REQUEST_URI' => '/sikata/backend/web/index.php'
    'SCRIPT_NAME' => '/sikata/backend/web/index.php'
    'PHP_SELF' => '/sikata/backend/web/index.php'
    'REQUEST_TIME_FLOAT' => 1460621550.94
    'REQUEST_TIME' => 1460621550
]
2016-04-14 10:13:10 [::1][1][sqea7p8ssto7btr2082p1mnt02][error][yii\base\InvalidParamException] exception 'yii\base\InvalidParamException' with message 'The view file does not exist: /Applications/XAMPP/xamppfiles/htdocs/sikata/backend/views/layouts/main.php' in /Applications/XAMPP/xamppfiles/htdocs/sikata/vendor/yiisoft/yii2/base/View.php:226
Stack trace:
#0 /Applications/XAMPP/xamppfiles/htdocs/sikata/vendor/yiisoft/yii2/base/Controller.php(392): yii\base\View->renderFile('/Applications/X...', Array, Object(backend\controllers\SiteController))
#1 /Applications/XAMPP/xamppfiles/htdocs/sikata/vendor/yiisoft/yii2/base/Controller.php(378): yii\base\Controller->renderContent('\r\n<h1>Selamat d...')
#2 /Applications/XAMPP/xamppfiles/htdocs/sikata/backend/controllers/SiteController.php(81): yii\base\Controller->render('homepage')
#3 [internal function]: backend\controllers\SiteController->actionHomepage()
#4 /Applications/XAMPP/xamppfiles/htdocs/sikata/vendor/yiisoft/yii2/base/InlineAction.php(55): call_user_func_array(Array, Array)
#5 /Applications/XAMPP/xamppfiles/htdocs/sikata/vendor/yiisoft/yii2/base/Controller.php(154): yii\base\InlineAction->runWithParams(Array)
#6 /Applications/XAMPP/xamppfiles/htdocs/sikata/vendor/yiisoft/yii2/base/Module.php(454): yii\base\Controller->runAction('homepage', Array)
#7 /Applications/XAMPP/xamppfiles/htdocs/sikata/vendor/yiisoft/yii2/web/Application.php(84): yii\base\Module->runAction('site/homepage', Array)
#8 /Applications/XAMPP/xamppfiles/htdocs/sikata/vendor/yiisoft/yii2/base/Application.php(375): yii\web\Application->handleRequest(Object(yii\web\Request))
#9 /Applications/XAMPP/xamppfiles/htdocs/sikata/backend/web/index.php(18): yii\base\Application->run()
#10 {main}
2016-04-14 10:13:10 [::1][1][sqea7p8ssto7btr2082p1mnt02][info][application] $_GET = [
    'r' => 'site/homepage'
]

$_COOKIE = [
    '_csrf' => '765be211a1deba7c33f198c681ae24a807c9ccd6b562df34fa6aa6f9eb6be466a:2:{i:0;s:5:\"_csrf\";i:1;s:32:\"3ch6g9S_OrAi6LKTqbKfdATzzFuYcM9s\";}'
    '_identity' => '7300c145884c6d4c2d8c389da19c1adb298bcae1b03590988bc73ee574564fefa:2:{i:0;s:9:\"_identity\";i:1;s:46:\"[1,\"g1QQAQwMcvKEzOojQ4y1YGZWf-Jmg8tB\",2592000]\";}'
    'PHPSESSID' => 'sqea7p8ssto7btr2082p1mnt02'
]

$_SESSION = [
    '__flash' => []
    '__returnUrl' => '/sikata/backend/web/index.php'
    '__id' => 1
]

$_SERVER = [
    'UNIQUE_ID' => 'Vw9RFgoFWZ8AAAPMQSgAAAAJ'
    'HTTP_HOST' => 'localhost'
    'HTTP_ORIGIN' => 'http://localhost'
    'HTTP_COOKIE' => '_csrf=765be211a1deba7c33f198c681ae24a807c9ccd6b562df34fa6aa6f9eb6be466a%3A2%3A%7Bi%3A0%3Bs%3A5%3A%22_csrf%22%3Bi%3A1%3Bs%3A32%3A%223ch6g9S_OrAi6LKTqbKfdATzzFuYcM9s%22%3B%7D; _identity=7300c145884c6d4c2d8c389da19c1adb298bcae1b03590988bc73ee574564fefa%3A2%3A%7Bi%3A0%3Bs%3A9%3A%22_identity%22%3Bi%3A1%3Bs%3A46%3A%22%5B1%2C%22g1QQAQwMcvKEzOojQ4y1YGZWf-Jmg8tB%22%2C2592000%5D%22%3B%7D; PHPSESSID=sqea7p8ssto7btr2082p1mnt02'
    'HTTP_CONNECTION' => 'keep-alive'
    'HTTP_ACCEPT' => 'text/html,application/xhtml+xml,application/xml;q=0.9,*/*;q=0.8'
    'HTTP_USER_AGENT' => 'Mozilla/5.0 (Macintosh; Intel Mac OS X 10_10_5) AppleWebKit/601.5.17 (KHTML, like Gecko) Version/9.1 Safari/601.5.17'
    'HTTP_ACCEPT_LANGUAGE' => 'en-us'
    'HTTP_REFERER' => 'http://localhost/sikata/backend/web/index.php?r=site%2Flogin'
    'HTTP_ACCEPT_ENCODING' => 'gzip, deflate'
    'PATH' => '/usr/bin:/bin:/usr/sbin:/sbin'
    'DYLD_LIBRARY_PATH' => '/Applications/XAMPP/xamppfiles/lib:/Applications/XAMPP/xamppfiles/lib'
    'SERVER_SIGNATURE' => ''
    'SERVER_SOFTWARE' => 'Apache/2.4.17 (Unix) OpenSSL/1.0.1q PHP/5.6.15 mod_perl/2.0.8-dev Perl/v5.16.3'
    'SERVER_NAME' => 'localhost'
    'SERVER_ADDR' => '::1'
    'SERVER_PORT' => '80'
    'REMOTE_ADDR' => '::1'
    'DOCUMENT_ROOT' => '/Applications/XAMPP/xamppfiles/htdocs'
    'REQUEST_SCHEME' => 'http'
    'CONTEXT_PREFIX' => ''
    'CONTEXT_DOCUMENT_ROOT' => '/Applications/XAMPP/xamppfiles/htdocs'
    'SERVER_ADMIN' => 'you@example.com'
    'SCRIPT_FILENAME' => '/Applications/XAMPP/xamppfiles/htdocs/sikata/backend/web/index.php'
    'REMOTE_PORT' => '49543'
    'GATEWAY_INTERFACE' => 'CGI/1.1'
    'SERVER_PROTOCOL' => 'HTTP/1.1'
    'REQUEST_METHOD' => 'GET'
    'QUERY_STRING' => 'r=site%2Fhomepage'
    'REQUEST_URI' => '/sikata/backend/web/index.php?r=site%2Fhomepage'
    'SCRIPT_NAME' => '/sikata/backend/web/index.php'
    'PHP_SELF' => '/sikata/backend/web/index.php'
    'REQUEST_TIME_FLOAT' => 1460621590.602
    'REQUEST_TIME' => 1460621590
]
2016-04-14 10:54:05 [::1][1][u5840m7mbtkck7hmdikbog5ni0][error][yii\web\HttpException:405] exception 'yii\web\MethodNotAllowedHttpException' with message 'Method Not Allowed. This url can only handle the following request methods: POST.' in /Applications/XAMPP/xamppfiles/htdocs/sikata/vendor/yiisoft/yii2/filters/VerbFilter.php:105
Stack trace:
#0 [internal function]: yii\filters\VerbFilter->beforeAction(Object(yii\base\ActionEvent))
#1 /Applications/XAMPP/xamppfiles/htdocs/sikata/vendor/yiisoft/yii2/base/Component.php(541): call_user_func(Array, Object(yii\base\ActionEvent))
#2 /Applications/XAMPP/xamppfiles/htdocs/sikata/vendor/yiisoft/yii2/base/Controller.php(269): yii\base\Component->trigger('beforeAction', Object(yii\base\ActionEvent))
#3 /Applications/XAMPP/xamppfiles/htdocs/sikata/vendor/yiisoft/yii2/web/Controller.php(108): yii\base\Controller->beforeAction(Object(yii\base\InlineAction))
#4 /Applications/XAMPP/xamppfiles/htdocs/sikata/vendor/yiisoft/yii2/base/Controller.php(152): yii\web\Controller->beforeAction(Object(yii\base\InlineAction))
#5 /Applications/XAMPP/xamppfiles/htdocs/sikata/vendor/yiisoft/yii2/base/Module.php(454): yii\base\Controller->runAction('logout', Array)
#6 /Applications/XAMPP/xamppfiles/htdocs/sikata/vendor/yiisoft/yii2/web/Application.php(84): yii\base\Module->runAction('site/logout', Array)
#7 /Applications/XAMPP/xamppfiles/htdocs/sikata/vendor/yiisoft/yii2/base/Application.php(375): yii\web\Application->handleRequest(Object(yii\web\Request))
#8 /Applications/XAMPP/xamppfiles/htdocs/sikata/backend/web/index.php(18): yii\base\Application->run()
#9 {main}
2016-04-14 10:54:05 [::1][1][u5840m7mbtkck7hmdikbog5ni0][info][application] $_GET = [
    'r' => 'site/logout'
]

$_COOKIE = [
    '_csrf' => '9bdd349b93cca6e9a50214637bdbbf8b0a6feeebfd378d701a8c734aab011951a:2:{i:0;s:5:\"_csrf\";i:1;s:32:\"FVXK9dY93Os7e1lV9PnbuwNaxh_bU61y\";}'
    '_identity' => '7300c145884c6d4c2d8c389da19c1adb298bcae1b03590988bc73ee574564fefa:2:{i:0;s:9:\"_identity\";i:1;s:46:\"[1,\"g1QQAQwMcvKEzOojQ4y1YGZWf-Jmg8tB\",2592000]\";}'
    'PHPSESSID' => 'u5840m7mbtkck7hmdikbog5ni0'
]

$_SESSION = [
    '__flash' => []
    '__returnUrl' => '/sikata/backend/web/index.php?r=site%2Flogout'
    '__id' => 1
]

$_SERVER = [
    'UNIQUE_ID' => 'Vw9arQoFWZ8AAAidXXwAAAAP'
    'HTTP_HOST' => 'localhost'
    'HTTP_ACCEPT' => 'text/html,application/xhtml+xml,application/xml;q=0.9,*/*;q=0.8'
    'HTTP_CONNECTION' => 'keep-alive'
    'HTTP_COOKIE' => '_csrf=9bdd349b93cca6e9a50214637bdbbf8b0a6feeebfd378d701a8c734aab011951a%3A2%3A%7Bi%3A0%3Bs%3A5%3A%22_csrf%22%3Bi%3A1%3Bs%3A32%3A%22FVXK9dY93Os7e1lV9PnbuwNaxh_bU61y%22%3B%7D; _identity=7300c145884c6d4c2d8c389da19c1adb298bcae1b03590988bc73ee574564fefa%3A2%3A%7Bi%3A0%3Bs%3A9%3A%22_identity%22%3Bi%3A1%3Bs%3A46%3A%22%5B1%2C%22g1QQAQwMcvKEzOojQ4y1YGZWf-Jmg8tB%22%2C2592000%5D%22%3B%7D; PHPSESSID=u5840m7mbtkck7hmdikbog5ni0'
    'HTTP_USER_AGENT' => 'Mozilla/5.0 (Macintosh; Intel Mac OS X 10_10_5) AppleWebKit/601.5.17 (KHTML, like Gecko) Version/9.1 Safari/601.5.17'
    'HTTP_ACCEPT_LANGUAGE' => 'en-us'
    'HTTP_REFERER' => 'http://localhost/sikata/backend/web/index.php?r=site%2Fhomepage'
    'HTTP_ACCEPT_ENCODING' => 'gzip, deflate'
    'PATH' => '/usr/bin:/bin:/usr/sbin:/sbin'
    'DYLD_LIBRARY_PATH' => '/Applications/XAMPP/xamppfiles/lib:/Applications/XAMPP/xamppfiles/lib'
    'SERVER_SIGNATURE' => ''
    'SERVER_SOFTWARE' => 'Apache/2.4.17 (Unix) OpenSSL/1.0.1q PHP/5.6.15 mod_perl/2.0.8-dev Perl/v5.16.3'
    'SERVER_NAME' => 'localhost'
    'SERVER_ADDR' => '::1'
    'SERVER_PORT' => '80'
    'REMOTE_ADDR' => '::1'
    'DOCUMENT_ROOT' => '/Applications/XAMPP/xamppfiles/htdocs'
    'REQUEST_SCHEME' => 'http'
    'CONTEXT_PREFIX' => ''
    'CONTEXT_DOCUMENT_ROOT' => '/Applications/XAMPP/xamppfiles/htdocs'
    'SERVER_ADMIN' => 'you@example.com'
    'SCRIPT_FILENAME' => '/Applications/XAMPP/xamppfiles/htdocs/sikata/backend/web/index.php'
    'REMOTE_PORT' => '49913'
    'GATEWAY_INTERFACE' => 'CGI/1.1'
    'SERVER_PROTOCOL' => 'HTTP/1.1'
    'REQUEST_METHOD' => 'GET'
    'QUERY_STRING' => 'r=site%2Flogout'
    'REQUEST_URI' => '/sikata/backend/web/index.php?r=site%2Flogout'
    'SCRIPT_NAME' => '/sikata/backend/web/index.php'
    'PHP_SELF' => '/sikata/backend/web/index.php'
    'REQUEST_TIME_FLOAT' => 1460624045.128
    'REQUEST_TIME' => 1460624045
]
2016-04-14 10:54:18 [::1][1][u5840m7mbtkck7hmdikbog5ni0][error][yii\web\HttpException:405] exception 'yii\web\MethodNotAllowedHttpException' with message 'Method Not Allowed. This url can only handle the following request methods: POST.' in /Applications/XAMPP/xamppfiles/htdocs/sikata/vendor/yiisoft/yii2/filters/VerbFilter.php:105
Stack trace:
#0 [internal function]: yii\filters\VerbFilter->beforeAction(Object(yii\base\ActionEvent))
#1 /Applications/XAMPP/xamppfiles/htdocs/sikata/vendor/yiisoft/yii2/base/Component.php(541): call_user_func(Array, Object(yii\base\ActionEvent))
#2 /Applications/XAMPP/xamppfiles/htdocs/sikata/vendor/yiisoft/yii2/base/Controller.php(269): yii\base\Component->trigger('beforeAction', Object(yii\base\ActionEvent))
#3 /Applications/XAMPP/xamppfiles/htdocs/sikata/vendor/yiisoft/yii2/web/Controller.php(108): yii\base\Controller->beforeAction(Object(yii\base\InlineAction))
#4 /Applications/XAMPP/xamppfiles/htdocs/sikata/vendor/yiisoft/yii2/base/Controller.php(152): yii\web\Controller->beforeAction(Object(yii\base\InlineAction))
#5 /Applications/XAMPP/xamppfiles/htdocs/sikata/vendor/yiisoft/yii2/base/Module.php(454): yii\base\Controller->runAction('logout', Array)
#6 /Applications/XAMPP/xamppfiles/htdocs/sikata/vendor/yiisoft/yii2/web/Application.php(84): yii\base\Module->runAction('site/logout', Array)
#7 /Applications/XAMPP/xamppfiles/htdocs/sikata/vendor/yiisoft/yii2/base/Application.php(375): yii\web\Application->handleRequest(Object(yii\web\Request))
#8 /Applications/XAMPP/xamppfiles/htdocs/sikata/backend/web/index.php(18): yii\base\Application->run()
#9 {main}
2016-04-14 10:54:18 [::1][1][u5840m7mbtkck7hmdikbog5ni0][info][application] $_GET = [
    'r' => 'site/logout'
]

$_COOKIE = [
    '_csrf' => '9bdd349b93cca6e9a50214637bdbbf8b0a6feeebfd378d701a8c734aab011951a:2:{i:0;s:5:\"_csrf\";i:1;s:32:\"FVXK9dY93Os7e1lV9PnbuwNaxh_bU61y\";}'
    '_identity' => '7300c145884c6d4c2d8c389da19c1adb298bcae1b03590988bc73ee574564fefa:2:{i:0;s:9:\"_identity\";i:1;s:46:\"[1,\"g1QQAQwMcvKEzOojQ4y1YGZWf-Jmg8tB\",2592000]\";}'
    'PHPSESSID' => 'u5840m7mbtkck7hmdikbog5ni0'
]

$_SESSION = [
    '__flash' => []
    '__returnUrl' => '/sikata/backend/web/index.php?r=site%2Flogout'
    '__id' => 1
]

$_SERVER = [
    'UNIQUE_ID' => 'Vw9augoFWZ8AAANh-gsAAAAD'
    'HTTP_HOST' => 'localhost'
    'HTTP_ACCEPT' => 'text/html,application/xhtml+xml,application/xml;q=0.9,*/*;q=0.8'
    'HTTP_CONNECTION' => 'keep-alive'
    'HTTP_COOKIE' => '_csrf=9bdd349b93cca6e9a50214637bdbbf8b0a6feeebfd378d701a8c734aab011951a%3A2%3A%7Bi%3A0%3Bs%3A5%3A%22_csrf%22%3Bi%3A1%3Bs%3A32%3A%22FVXK9dY93Os7e1lV9PnbuwNaxh_bU61y%22%3B%7D; _identity=7300c145884c6d4c2d8c389da19c1adb298bcae1b03590988bc73ee574564fefa%3A2%3A%7Bi%3A0%3Bs%3A9%3A%22_identity%22%3Bi%3A1%3Bs%3A46%3A%22%5B1%2C%22g1QQAQwMcvKEzOojQ4y1YGZWf-Jmg8tB%22%2C2592000%5D%22%3B%7D; PHPSESSID=u5840m7mbtkck7hmdikbog5ni0'
    'HTTP_USER_AGENT' => 'Mozilla/5.0 (Macintosh; Intel Mac OS X 10_10_5) AppleWebKit/601.5.17 (KHTML, like Gecko) Version/9.1 Safari/601.5.17'
    'HTTP_ACCEPT_LANGUAGE' => 'en-us'
    'HTTP_REFERER' => 'http://localhost/sikata/backend/web/index.php?r=site%2Fhomepage'
    'HTTP_ACCEPT_ENCODING' => 'gzip, deflate'
    'PATH' => '/usr/bin:/bin:/usr/sbin:/sbin'
    'DYLD_LIBRARY_PATH' => '/Applications/XAMPP/xamppfiles/lib:/Applications/XAMPP/xamppfiles/lib'
    'SERVER_SIGNATURE' => ''
    'SERVER_SOFTWARE' => 'Apache/2.4.17 (Unix) OpenSSL/1.0.1q PHP/5.6.15 mod_perl/2.0.8-dev Perl/v5.16.3'
    'SERVER_NAME' => 'localhost'
    'SERVER_ADDR' => '::1'
    'SERVER_PORT' => '80'
    'REMOTE_ADDR' => '::1'
    'DOCUMENT_ROOT' => '/Applications/XAMPP/xamppfiles/htdocs'
    'REQUEST_SCHEME' => 'http'
    'CONTEXT_PREFIX' => ''
    'CONTEXT_DOCUMENT_ROOT' => '/Applications/XAMPP/xamppfiles/htdocs'
    'SERVER_ADMIN' => 'you@example.com'
    'SCRIPT_FILENAME' => '/Applications/XAMPP/xamppfiles/htdocs/sikata/backend/web/index.php'
    'REMOTE_PORT' => '49915'
    'GATEWAY_INTERFACE' => 'CGI/1.1'
    'SERVER_PROTOCOL' => 'HTTP/1.1'
    'REQUEST_METHOD' => 'GET'
    'QUERY_STRING' => 'r=site%2Flogout'
    'REQUEST_URI' => '/sikata/backend/web/index.php?r=site%2Flogout'
    'SCRIPT_NAME' => '/sikata/backend/web/index.php'
    'PHP_SELF' => '/sikata/backend/web/index.php'
    'REQUEST_TIME_FLOAT' => 1460624058.476
    'REQUEST_TIME' => 1460624058
]
